<?xml version="1.0" encoding="UTF-8"?>
<testng-results skipped="0" failed="0" ignored="0" total="2" passed="2">
  <reporter-output>
  </reporter-output>
  <suite name="Test suite for chrome" duration-ms="1099" started-at="2021-04-17T06:17:30Z" finished-at="2021-04-17T06:17:31Z">
    <groups>
    </groups>
    <test name="Test init Session" duration-ms="1099" started-at="2021-04-17T06:17:30Z" finished-at="2021-04-17T06:17:31Z">
      <class name="com.globant.PomDrpDwnWilAngel.test.MulitiSelectTest">
        <test-method status="PASS" signature="beforeSuite(java.lang.String)[pri:0, instance:com.globant.PomDrpDwnWilAngel.test.MulitiSelectTest@1a968a59]" name="beforeSuite" is-config="true" duration-ms="6257" started-at="2021-04-17T06:17:24Z" finished-at="2021-04-17T06:17:30Z">
          <params>
            <param index="0">
              <value>
                <![CDATA[chrome]]>
              </value>
            </param>
          </params>
          <reporter-output>
          </reporter-output>
        </test-method> <!-- beforeSuite -->
        <test-method status="PASS" signature="setUp()[pri:0, instance:com.globant.PomDrpDwnWilAngel.test.MulitiSelectTest@1a968a59]" name="setUp" is-config="true" duration-ms="63" started-at="2021-04-17T06:17:30Z" finished-at="2021-04-17T06:17:30Z">
          <reporter-output>
          </reporter-output>
        </test-method> <!-- setUp -->
        <test-method status="PASS" signature="selectOneState(java.lang.String)[pri:1, instance:com.globant.PomDrpDwnWilAngel.test.MulitiSelectTest@1a968a59]" name="selectOneState" duration-ms="494" started-at="2021-04-17T06:17:30Z" data-provider="stateToSend" finished-at="2021-04-17T06:17:31Z">
          <params>
            <param index="0">
              <value>
                <![CDATA[Texas]]>
              </value>
            </param>
          </params>
          <reporter-output>
          </reporter-output>
        </test-method> <!-- selectOneState -->
        <test-method status="PASS" signature="selectOneDay(java.lang.String)[pri:2, instance:com.globant.PomDrpDwnWilAngel.test.MulitiSelectTest@1a968a59]" name="selectOneDay" duration-ms="399" started-at="2021-04-17T06:17:31Z" data-provider="dayToSend" finished-at="2021-04-17T06:17:31Z">
          <params>
            <param index="0">
              <value>
                <![CDATA[Monday]]>
              </value>
            </param>
          </params>
          <reporter-output>
          </reporter-output>
        </test-method> <!-- selectOneDay -->
        <test-method status="PASS" signature="afterClass()[pri:0, instance:com.globant.PomDrpDwnWilAngel.test.MulitiSelectTest@1a968a59]" name="afterClass" is-config="true" duration-ms="108" started-at="2021-04-17T06:17:31Z" finished-at="2021-04-17T06:17:31Z">
          <reporter-output>
          </reporter-output>
        </test-method> <!-- afterClass -->
      </class> <!-- com.globant.PomDrpDwnWilAngel.test.MulitiSelectTest -->
    </test> <!-- Test init Session -->
  </suite> <!-- Test suite for chrome -->
</testng-results>
