<?xml version="1.0" encoding="UTF-8"?>
<!-- Generated by org.testng.reporters.JUnitXMLReporter -->
<testsuite hostname="CO-IT005951" ignored="0" name="Test init Session" tests="2" failures="0" timestamp="17 abr 2021 06:17:31 GMT" time="1.099" errors="0">
  <testcase name="selectOneState" time="0.494" classname="com.globant.PomDrpDwnWilAngel.test.MulitiSelectTest"/>
  <testcase name="selectOneDay" time="0.399" classname="com.globant.PomDrpDwnWilAngel.test.MulitiSelectTest"/>
</testsuite> <!-- Test init Session -->
